<?xml version="1.0" encoding="UTF-8"?>
<testsuite xmlns:xsi="http://www.w3.org/2001/XMLSchema-instance" xsi:noNamespaceSchemaLocation="https://maven.apache.org/surefire/maven-surefire-plugin/xsd/surefire-test-report.xsd" version="3.0.2" name="com.mendel.rest.RestApplicationTests" time="0.033" tests="6" errors="0" skipped="0" failures="0">
  <properties>
[...]
</properties>
  <testcase name="testApplicationConfiguration" classname="com.mendel.rest.RestApplicationTests" time="0.003">
    <system-out><![CDATA[2026-02-28T20:25:07.409-03:00  INFO 2260 --- [rest] [           main] t.c.s.AnnotationConfigContextLoaderUtils : Could not detect default configuration classes for test class [com.mendel.rest.RestApplicationTests]: RestApplicationTests does not declare any static, non-private, non-final, nested classes annotated with @Configuration.
2026-02-28T20:25:07.416-03:00  INFO 2260 --- [rest] [           main] .b.t.c.SpringBootTestContextBootstrapper : Found @SpringBootConfiguration com.mendel.rest.RestApplication for test class com.mendel.rest.RestApplicationTests

✓ Application Name: rest
✓ Database: H2 In-Memory (jdbc:h2:mem:mendeldb)
✓ JPA Configuration: Hibernate with auto DDL update
✓ H2 Web Console: Enabled at /h2-mendel
✓ Spring Boot Actuator: Enabled
✓ Health Endpoint: GET /health (returns 'OK')
✓ Actuator Health: GET /actuator/health

═════════════════════════════════════════════════════════════════
]]></system-out>
  </testcase>
  <testcase name="testDatabaseConfiguration" classname="com.mendel.rest.RestApplicationTests" time="0.001">
    <system-out><![CDATA[
✓ Database Configuration:
   - Type: H2 Database
   - Mode: In-Memory
   - DDL Auto: update
   - Show SQL: true
   - JPA: Enabled with Hibernate
]]></system-out>
  </testcase>
  <testcase name="testHealthEndpointAvailable" classname="com.mendel.rest.RestApplicationTests" time="0.003">
    <system-out><![CDATA[
✓ Manual Health Endpoint Configuration:
   - Endpoint: GET http://localhost:8080/health
   - Response: OK (String)
   - Status Code: 200 OK
]]></system-out>
  </testcase>
  <testcase name="testH2ConsoleConfiguration" classname="com.mendel.rest.RestApplicationTests" time="0.003">
    <system-out><![CDATA[
✓ H2 Database Console Configuration:
   - Enabled: Yes
   - Path: /h2-mendel
   - Database: mendeldb (in-memory)
   - Username: sa
   - JDBC URL: jdbc:h2:mem:mendeldb
]]></system-out>
  </testcase>
  <testcase name="contextLoads" classname="com.mendel.rest.RestApplicationTests" time="0.003">
    <system-out><![CDATA[
╔═══════════════════════════════════════════════════════════════╗
║                 SPRING BOOT APPLICATION TEST                  ║
╚═══════════════════════════════════════════════════════════════╝
]]></system-out>
  </testcase>
  <testcase name="testDependenciesInstalled" classname="com.mendel.rest.RestApplicationTests" time="0.003">
    <system-out><![CDATA[
✓ Key Dependencies:
   - Spring Boot Web
   - Spring Data JPA
   - Spring Boot Actuator
   - H2 Database
   - H2 Web Console
   - Lombok (for @Data annotation)
   - Jakarta Persistence API
]]></system-out>
  </testcase>
</testsuite>